2023.12.03 21:56:45 INFO  no build target found for /home/sliwek/Programowanie/sem3/PP_l/Lista6/zadania.scala. Using presentation compiler with project's scala-library version: 3.3.1
2023.12.03 21:56:45 WARN  Build server is not auto-connectable.
2023.12.03 21:56:45 WARN  no build tool detected in workspace '/home/sliwek/Programowanie/sem3/PP_l'. The most common cause for this problem is that the editor was opened in the wrong working directory, for example if you use sbt then the workspace directory should contain build.sbt. 
2023.12.03 21:56:45 WARN  no build target for: /home/sliwek/Programowanie/sem3/PP_l/Lista6/zadania.scala
2023.12.03 21:56:46 INFO  time: code lens generation in 1.1s
2023.12.03 23:27:27 INFO  Shutting down server
2023.12.03 23:27:27 INFO  shutting down Metals
2023.12.03 23:27:27 INFO  Exiting server
2023.12.04 08:25:52 INFO  Started: Metals version 1.1.0 in folders '/home/sliwek/Programowanie/sem3/PP_c, /home/sliwek/Programowanie/sem3/PP_l' for client Visual Studio Code 1.84.2.
2023.12.04 08:25:53 WARN  Build server is not auto-connectable.
2023.12.04 08:25:53 WARN  no build tool detected in workspace '/home/sliwek/Programowanie/sem3/PP_c'. The most common cause for this problem is that the editor was opened in the wrong working directory, for example if you use sbt then the workspace directory should contain build.sbt. 
2023.12.04 08:25:53 WARN  no build target for: /home/sliwek/Programowanie/sem3/PP_c/lista5/Zad3.scala
2023.12.04 08:25:53 WARN  Build server is not auto-connectable.
2023.12.04 08:25:53 WARN  no build tool detected in workspace '/home/sliwek/Programowanie/sem3/PP_l'. The most common cause for this problem is that the editor was opened in the wrong working directory, for example if you use sbt then the workspace directory should contain build.sbt. 
2023.12.04 08:25:55 INFO  no build target found for /home/sliwek/Programowanie/sem3/PP_c/lista5/Zad3.scala. Using presentation compiler with project's scala-library version: 3.3.1
2023.12.04 08:26:43 WARN  no build target for: /home/sliwek/Programowanie/sem3/PP_c/lista5/Zad3.scala
Dec 04, 2023 8:28:00 AM org.eclipse.lsp4j.jsonrpc.RemoteEndpoint handleCancellation
WARNING: Unmatched cancel notification for request id 34
2023.12.04 08:28:40 WARN  no build target for: /home/sliwek/Programowanie/sem3/PP_c/lista4/Zad5.scala
2023.12.04 08:29:05 WARN  no build target for: /home/sliwek/Programowanie/sem3/PP_c/lista5/Zad3.scala
2023.12.04 08:29:57 WARN  no build target for: /home/sliwek/Programowanie/sem3/PP_c/lista5/Zad3.scala
2023.12.04 08:30:05 INFO  Shutting down server
2023.12.04 08:30:05 INFO  shutting down Metals
2023.12.04 08:30:05 INFO  Exiting server
2023.12.04 13:00:41 INFO  Started: Metals version 1.1.0 in folders '/home/sliwek/Programowanie/sem3/PP_c, /home/sliwek/Programowanie/sem3/PP_l' for client Visual Studio Code 1.84.2.
2023.12.04 13:00:42 WARN  Build server is not auto-connectable.
2023.12.04 13:00:42 WARN  no build tool detected in workspace '/home/sliwek/Programowanie/sem3/PP_c'. The most common cause for this problem is that the editor was opened in the wrong working directory, for example if you use sbt then the workspace directory should contain build.sbt. 
2023.12.04 13:00:42 WARN  no build target for: /home/sliwek/Programowanie/sem3/PP_c/lista5/Zad3.scala
2023.12.04 13:00:42 WARN  Build server is not auto-connectable.
2023.12.04 13:00:42 WARN  no build tool detected in workspace '/home/sliwek/Programowanie/sem3/PP_l'. The most common cause for this problem is that the editor was opened in the wrong working directory, for example if you use sbt then the workspace directory should contain build.sbt. 
2023.12.04 13:00:45 INFO  no build target found for /home/sliwek/Programowanie/sem3/PP_c/lista5/Zad3.scala. Using presentation compiler with project's scala-library version: 3.3.1
2023.12.04 13:00:46 INFO  time: code lens generation in 4.3s
2023.12.04 13:40:25 WARN  no build target for: /home/sliwek/Programowanie/sem3/PP_c/lista5/Zad1.scala
2023.12.04 14:05:13 WARN  no build target for: /home/sliwek/Programowanie/sem3/PP_c/lista5/Zad1.scala
2023.12.04 14:14:15 WARN  no build target for: /home/sliwek/Programowanie/sem3/PP_c/lista4/Zad5.scala
2023.12.04 14:14:58 WARN  no build target for: /home/sliwek/Programowanie/sem3/PP_c/lista4/Zad5.scala
2023.12.04 14:14:59 WARN  no build target for: /home/sliwek/Programowanie/sem3/PP_c/lista4/Zad4.scala
2023.12.04 14:20:18 WARN  no build target for: /home/sliwek/Programowanie/sem3/PP_c/lista4/Zad5.scala
2023.12.04 14:20:19 WARN  no build target for: /home/sliwek/Programowanie/sem3/PP_c/lista4/Zad5.scala
2023.12.04 14:26:07 INFO  Shutting down server
2023.12.04 14:26:07 INFO  shutting down Metals
2023.12.04 14:26:07 INFO  Exiting server
2023.12.04 17:07:59 INFO  Started: Metals version 1.1.0 in folders '/home/sliwek/Programowanie/sem3/PP_c, /home/sliwek/Programowanie/sem3/PP_l' for client Visual Studio Code 1.84.2.
2023.12.04 17:07:59 WARN  Build server is not auto-connectable.
2023.12.04 17:07:59 WARN  no build tool detected in workspace '/home/sliwek/Programowanie/sem3/PP_c'. The most common cause for this problem is that the editor was opened in the wrong working directory, for example if you use sbt then the workspace directory should contain build.sbt. 
2023.12.04 17:07:59 WARN  no build target for: /home/sliwek/Programowanie/sem3/PP_c/lista4/Zad4.scala
2023.12.04 17:07:59 WARN  Build server is not auto-connectable.
2023.12.04 17:07:59 WARN  no build tool detected in workspace '/home/sliwek/Programowanie/sem3/PP_l'. The most common cause for this problem is that the editor was opened in the wrong working directory, for example if you use sbt then the workspace directory should contain build.sbt. 
2023.12.04 17:08:02 INFO  no build target found for /home/sliwek/Programowanie/sem3/PP_c/lista4/Zad4.scala. Using presentation compiler with project's scala-library version: 3.3.1
2023.12.04 17:08:03 INFO  time: code lens generation in 3.78s
2023.12.04 17:14:23 WARN  no build target for: /home/sliwek/Programowanie/sem3/PP_c/lista4/Zad5.scala
Dec 04, 2023 5:26:07 PM org.eclipse.lsp4j.jsonrpc.services.GenericEndpoint notify
INFO: Unsupported notification method: $/setTrace
Dec 04, 2023 5:26:18 PM org.eclipse.lsp4j.jsonrpc.services.GenericEndpoint notify
INFO: Unsupported notification method: $/setTrace
Dec 04, 2023 5:26:22 PM org.eclipse.lsp4j.jsonrpc.services.GenericEndpoint notify
INFO: Unsupported notification method: $/setTrace
Dec 04, 2023 5:26:26 PM org.eclipse.lsp4j.jsonrpc.services.GenericEndpoint notify
INFO: Unsupported notification method: $/setTrace
Dec 04, 2023 5:26:29 PM org.eclipse.lsp4j.jsonrpc.services.GenericEndpoint notify
INFO: Unsupported notification method: $/setTrace
Dec 04, 2023 5:26:38 PM org.eclipse.lsp4j.jsonrpc.services.GenericEndpoint notify
INFO: Unsupported notification method: $/setTrace
Dec 04, 2023 5:26:42 PM org.eclipse.lsp4j.jsonrpc.services.GenericEndpoint notify
INFO: Unsupported notification method: $/setTrace
2023.12.04 18:01:03 INFO  Shutting down server
2023.12.04 18:01:03 INFO  shutting down Metals
2023.12.04 18:01:03 INFO  Exiting server
2023.12.04 18:58:29 INFO  Started: Metals version 1.1.0 in folders '/home/sliwek/Programowanie/sem3/PP_c, /home/sliwek/Programowanie/sem3/PP_l' for client Visual Studio Code 1.84.2.
2023.12.04 18:58:30 WARN  Build server is not auto-connectable.
2023.12.04 18:58:30 WARN  no build tool detected in workspace '/home/sliwek/Programowanie/sem3/PP_c'. The most common cause for this problem is that the editor was opened in the wrong working directory, for example if you use sbt then the workspace directory should contain build.sbt. 
2023.12.04 18:58:30 WARN  no build target for: /home/sliwek/Programowanie/sem3/PP_c/lista4/Zad5.scala
2023.12.04 18:58:30 WARN  Build server is not auto-connectable.
2023.12.04 18:58:30 WARN  no build tool detected in workspace '/home/sliwek/Programowanie/sem3/PP_l'. The most common cause for this problem is that the editor was opened in the wrong working directory, for example if you use sbt then the workspace directory should contain build.sbt. 
2023.12.04 18:58:33 INFO  no build target found for /home/sliwek/Programowanie/sem3/PP_c/lista4/Zad5.scala. Using presentation compiler with project's scala-library version: 3.3.1
2023.12.04 18:58:33 WARN  no build target for: /home/sliwek/Programowanie/sem3/PP_c/lista4/Zad4.scala
2023.12.04 18:58:34 INFO  time: code lens generation in 1.36s
2023.12.04 18:58:34 INFO  time: code lens generation in 1.33s
2023.12.04 19:21:18 WARN  no build target for: /home/sliwek/Programowanie/sem3/PP_c/lista5/Zad1.scala
2023.12.04 19:21:19 WARN  no build target for: /home/sliwek/Programowanie/sem3/PP_c/lista5/Zad3.scala
2023.12.04 19:22:22 WARN  no build target for: /home/sliwek/Programowanie/sem3/PP_c/lista5/Zad2.scala
2023.12.04 19:23:55 WARN  no build target for: /home/sliwek/Programowanie/sem3/PP_c/lista5/Zad2.scala
2023.12.04 19:23:56 WARN  no build target for: /home/sliwek/Programowanie/sem3/PP_c/lista5/Zad2.scala
2023.12.04 19:24:00 INFO  Shutting down server
2023.12.04 19:24:00 INFO  shutting down Metals
2023.12.04 19:24:00 INFO  Exiting server
2023.12.04 19:26:04 INFO  Started: Metals version 1.1.0 in folders '/home/sliwek/Programowanie/sem3/PP_c, /home/sliwek/Programowanie/sem3/PP_l' for client Visual Studio Code 1.84.2.
2023.12.04 19:26:04 WARN  Build server is not auto-connectable.
2023.12.04 19:26:04 WARN  no build tool detected in workspace '/home/sliwek/Programowanie/sem3/PP_c'. The most common cause for this problem is that the editor was opened in the wrong working directory, for example if you use sbt then the workspace directory should contain build.sbt. 
2023.12.04 19:26:04 WARN  no build target for: /home/sliwek/Programowanie/sem3/PP_c/lista5/Zad2.scala
2023.12.04 19:26:04 WARN  no build target for: /home/sliwek/Programowanie/sem3/PP_c/lista5/Zad3.scala
2023.12.04 19:26:04 WARN  Build server is not auto-connectable.
2023.12.04 19:26:04 WARN  no build tool detected in workspace '/home/sliwek/Programowanie/sem3/PP_l'. The most common cause for this problem is that the editor was opened in the wrong working directory, for example if you use sbt then the workspace directory should contain build.sbt. 
2023.12.04 19:26:06 INFO  no build target found for /home/sliwek/Programowanie/sem3/PP_c/lista5/Zad3.scala. Using presentation compiler with project's scala-library version: 3.3.1
2023.12.04 19:26:58 INFO  Shutting down server
2023.12.04 19:26:58 INFO  shutting down Metals
2023.12.04 19:26:58 INFO  Exiting server
2023.12.04 19:31:33 INFO  Started: Metals version 1.1.0 in folders '/home/sliwek/Programowanie/sem3/PP_c, /home/sliwek/Programowanie/sem3/PP_l' for client Visual Studio Code 1.84.2.
2023.12.04 19:31:33 WARN  Build server is not auto-connectable.
2023.12.04 19:31:33 WARN  no build tool detected in workspace '/home/sliwek/Programowanie/sem3/PP_c'. The most common cause for this problem is that the editor was opened in the wrong working directory, for example if you use sbt then the workspace directory should contain build.sbt. 
2023.12.04 19:31:33 WARN  no build target for: /home/sliwek/Programowanie/sem3/PP_c/lista5/Zad3.scala
2023.12.04 19:31:33 WARN  no build tool detected in workspace '/home/sliwek/Programowanie/sem3/PP_l'. The most common cause for this problem is that the editor was opened in the wrong working directory, for example if you use sbt then the workspace directory should contain build.sbt. 
2023.12.04 19:31:33 WARN  Build server is not auto-connectable.
2023.12.04 19:31:35 INFO  no build target found for /home/sliwek/Programowanie/sem3/PP_c/lista5/Zad3.scala. Using presentation compiler with project's scala-library version: 3.3.1
2023.12.04 19:31:37 INFO  time: code lens generation in 3.03s
2023.12.04 19:32:04 INFO  Shutting down server
2023.12.04 19:32:04 INFO  shutting down Metals
2023.12.04 19:32:04 INFO  Exiting server
2023.12.05 17:56:40 INFO  Started: Metals version 1.1.0 in folders '/home/sliwek/Programowanie/sem3/PP_c, /home/sliwek/Programowanie/sem3/PP_l' for client Visual Studio Code 1.84.2.
2023.12.05 17:56:41 WARN  Build server is not auto-connectable.
2023.12.05 17:56:41 WARN  no build tool detected in workspace '/home/sliwek/Programowanie/sem3/PP_c'. The most common cause for this problem is that the editor was opened in the wrong working directory, for example if you use sbt then the workspace directory should contain build.sbt. 
2023.12.05 17:56:41 WARN  no build target for: /home/sliwek/Programowanie/sem3/PP_c/lista5/Zad3.scala
2023.12.05 17:56:41 WARN  no build tool detected in workspace '/home/sliwek/Programowanie/sem3/PP_l'. The most common cause for this problem is that the editor was opened in the wrong working directory, for example if you use sbt then the workspace directory should contain build.sbt. 
2023.12.05 17:56:41 WARN  Build server is not auto-connectable.
2023.12.05 17:56:44 INFO  no build target found for /home/sliwek/Programowanie/sem3/PP_c/lista5/Zad3.scala. Using presentation compiler with project's scala-library version: 3.3.1
2023.12.05 17:56:46 INFO  time: code lens generation in 4.59s
2023.12.05 17:57:47 INFO  Shutting down server
2023.12.05 17:57:47 INFO  shutting down Metals
2023.12.05 17:57:47 INFO  Exiting server
